2025-10-17 22:03:20,046 [INFO] [STEP 1/12] Starting depot reservoir service...
2025-10-17 22:03:20,047 [INFO] [STEP 2/12] Connecting to database...
2025-10-17 22:03:20,047 [INFO] [STEP 3/12] Initializing Strapi API client...
2025-10-17 22:03:20,605 [INFO] HTTP Request: GET http://localhost:1337/api/countries "HTTP/1.1 200 OK"
2025-10-17 22:03:20,606 [INFO] [OK] Strapi API client connected to http://localhost:1337
2025-10-17 22:03:20,606 [INFO] [STEP 4/12] Loading depots and routes from API...
2025-10-17 22:03:20,626 [INFO] HTTP Request: GET http://localhost:1337/api/depots?filters%5Bis_active%5D%5B%24eq%5D=true&pagination%5BpageSize%5D=100 "HTTP/1.1 200 OK"
2025-10-17 22:03:20,627 [INFO] [OK] Retrieved 5 depots from Strapi
2025-10-17 22:03:20,645 [INFO] HTTP Request: GET http://localhost:1337/api/routes?filters%5Bis_active%5D%5B%24eq%5D=true&pagination%5BpageSize%5D=100 "HTTP/1.1 200 OK"
2025-10-17 22:03:20,666 [INFO] HTTP Request: GET http://localhost:1337/api/route-shapes?filters%5Broute_id%5D%5B%24eq%5D=1A&filters%5Bis_default%5D%5B%24eq%5D=true "HTTP/1.1 200 OK"
2025-10-17 22:03:20,700 [INFO] HTTP Request: GET http://localhost:1337/api/shapes?filters%5Bshape_id%5D%5B%24eq%5D=4116265f-e702-416a-89eb-b08425f89caf&sort=shape_pt_sequence&pagination%5BpageSize%5D=1000 "HTTP/1.1 200 OK"
2025-10-17 22:03:20,702 [INFO] [OK] Retrieved 1 routes with geometry from Strapi
2025-10-17 22:03:20,702 [INFO] [STEP 5/12] Loaded 5 depots and 1 routes
2025-10-17 22:03:20,703 [INFO] [STEP 6/12] Extracting route coordinates for spatial filtering...
2025-10-17 22:03:20,703 [INFO] [STEP 7/12] Initializing spatial zone cache (88 route points, 5 depots)...
2025-10-17 22:03:20,703 [INFO] [STEP 8/12] Loading zones with spatial filtering...
2025-10-17 22:03:20,822 [INFO] HTTP Request: GET http://localhost:1337/api/landuse-zones?filters%5Bcountry%5D%5Bid%5D%5B%24eq%5D=29&populate=country&pagination%5Bpage%5D=1&pagination%5BpageSize%5D=100&sort=zone_type%3Aasc "HTTP/1.1 200 OK"
2025-10-17 22:03:20,897 [INFO] HTTP Request: GET http://localhost:1337/api/landuse-zones?filters%5Bcountry%5D%5Bid%5D%5B%24eq%5D=29&populate=country&pagination%5Bpage%5D=2&pagination%5BpageSize%5D=100&sort=zone_type%3Aasc "HTTP/1.1 200 OK"
2025-10-17 22:03:20,971 [INFO] HTTP Request: GET http://localhost:1337/api/landuse-zones?filters%5Bcountry%5D%5Bid%5D%5B%24eq%5D=29&populate=country&pagination%5Bpage%5D=3&pagination%5BpageSize%5D=100&sort=zone_type%3Aasc "HTTP/1.1 200 OK"
2025-10-17 22:03:21,046 [INFO] HTTP Request: GET http://localhost:1337/api/landuse-zones?filters%5Bcountry%5D%5Bid%5D%5B%24eq%5D=29&populate=country&pagination%5Bpage%5D=4&pagination%5BpageSize%5D=100&sort=zone_type%3Aasc "HTTP/1.1 200 OK"
2025-10-17 22:03:21,118 [INFO] HTTP Request: GET http://localhost:1337/api/landuse-zones?filters%5Bcountry%5D%5Bid%5D%5B%24eq%5D=29&populate=country&pagination%5Bpage%5D=5&pagination%5BpageSize%5D=100&sort=zone_type%3Aasc "HTTP/1.1 200 OK"
2025-10-17 22:03:21,195 [INFO] HTTP Request: GET http://localhost:1337/api/landuse-zones?filters%5Bcountry%5D%5Bid%5D%5B%24eq%5D=29&populate=country&pagination%5Bpage%5D=6&pagination%5BpageSize%5D=100&sort=zone_type%3Aasc "HTTP/1.1 200 OK"
2025-10-17 22:03:21,270 [INFO] HTTP Request: GET http://localhost:1337/api/landuse-zones?filters%5Bcountry%5D%5Bid%5D%5B%24eq%5D=29&populate=country&pagination%5Bpage%5D=7&pagination%5BpageSize%5D=100&sort=zone_type%3Aasc "HTTP/1.1 200 OK"
2025-10-17 22:03:21,398 [INFO] HTTP Request: GET http://localhost:1337/api/landuse-zones?filters%5Bcountry%5D%5Bid%5D%5B%24eq%5D=29&populate=country&pagination%5Bpage%5D=8&pagination%5BpageSize%5D=100&sort=zone_type%3Aasc "HTTP/1.1 200 OK"
2025-10-17 22:03:21,473 [INFO] HTTP Request: GET http://localhost:1337/api/landuse-zones?filters%5Bcountry%5D%5Bid%5D%5B%24eq%5D=29&populate=country&pagination%5Bpage%5D=9&pagination%5BpageSize%5D=100&sort=zone_type%3Aasc "HTTP/1.1 200 OK"
2025-10-17 22:03:21,551 [INFO] HTTP Request: GET http://localhost:1337/api/landuse-zones?filters%5Bcountry%5D%5Bid%5D%5B%24eq%5D=29&populate=country&pagination%5Bpage%5D=10&pagination%5BpageSize%5D=100&sort=zone_type%3Aasc "HTTP/1.1 200 OK"
2025-10-17 22:03:21,621 [INFO] HTTP Request: GET http://localhost:1337/api/landuse-zones?filters%5Bcountry%5D%5Bid%5D%5B%24eq%5D=29&populate=country&pagination%5Bpage%5D=11&pagination%5BpageSize%5D=100&sort=zone_type%3Aasc "HTTP/1.1 200 OK"
2025-10-17 22:03:21,693 [INFO] HTTP Request: GET http://localhost:1337/api/landuse-zones?filters%5Bcountry%5D%5Bid%5D%5B%24eq%5D=29&populate=country&pagination%5Bpage%5D=12&pagination%5BpageSize%5D=100&sort=zone_type%3Aasc "HTTP/1.1 200 OK"
2025-10-17 22:03:21,784 [INFO] HTTP Request: GET http://localhost:1337/api/landuse-zones?filters%5Bcountry%5D%5Bid%5D%5B%24eq%5D=29&populate=country&pagination%5Bpage%5D=13&pagination%5BpageSize%5D=100&sort=zone_type%3Aasc "HTTP/1.1 200 OK"
2025-10-17 22:03:21,887 [INFO] HTTP Request: GET http://localhost:1337/api/landuse-zones?filters%5Bcountry%5D%5Bid%5D%5B%24eq%5D=29&populate=country&pagination%5Bpage%5D=14&pagination%5BpageSize%5D=100&sort=zone_type%3Aasc "HTTP/1.1 200 OK"
2025-10-17 22:03:21,984 [INFO] HTTP Request: GET http://localhost:1337/api/landuse-zones?filters%5Bcountry%5D%5Bid%5D%5B%24eq%5D=29&populate=country&pagination%5Bpage%5D=15&pagination%5BpageSize%5D=100&sort=zone_type%3Aasc "HTTP/1.1 200 OK"
2025-10-17 22:03:22,081 [INFO] HTTP Request: GET http://localhost:1337/api/landuse-zones?filters%5Bcountry%5D%5Bid%5D%5B%24eq%5D=29&populate=country&pagination%5Bpage%5D=16&pagination%5BpageSize%5D=100&sort=zone_type%3Aasc "HTTP/1.1 200 OK"
2025-10-17 22:03:22,158 [INFO] HTTP Request: GET http://localhost:1337/api/landuse-zones?filters%5Bcountry%5D%5Bid%5D%5B%24eq%5D=29&populate=country&pagination%5Bpage%5D=17&pagination%5BpageSize%5D=100&sort=zone_type%3Aasc "HTTP/1.1 200 OK"
2025-10-17 22:03:22,232 [INFO] HTTP Request: GET http://localhost:1337/api/landuse-zones?filters%5Bcountry%5D%5Bid%5D%5B%24eq%5D=29&populate=country&pagination%5Bpage%5D=18&pagination%5BpageSize%5D=100&sort=zone_type%3Aasc "HTTP/1.1 200 OK"
2025-10-17 22:03:22,298 [INFO] HTTP Request: GET http://localhost:1337/api/landuse-zones?filters%5Bcountry%5D%5Bid%5D%5B%24eq%5D=29&populate=country&pagination%5Bpage%5D=19&pagination%5BpageSize%5D=100&sort=zone_type%3Aasc "HTTP/1.1 200 OK"
2025-10-17 22:03:22,379 [INFO] HTTP Request: GET http://localhost:1337/api/landuse-zones?filters%5Bcountry%5D%5Bid%5D%5B%24eq%5D=29&populate=country&pagination%5Bpage%5D=20&pagination%5BpageSize%5D=100&sort=zone_type%3Aasc "HTTP/1.1 200 OK"
2025-10-17 22:03:22,459 [INFO] HTTP Request: GET http://localhost:1337/api/landuse-zones?filters%5Bcountry%5D%5Bid%5D%5B%24eq%5D=29&populate=country&pagination%5Bpage%5D=21&pagination%5BpageSize%5D=100&sort=zone_type%3Aasc "HTTP/1.1 200 OK"
2025-10-17 22:03:22,529 [INFO] HTTP Request: GET http://localhost:1337/api/landuse-zones?filters%5Bcountry%5D%5Bid%5D%5B%24eq%5D=29&populate=country&pagination%5Bpage%5D=22&pagination%5BpageSize%5D=100&sort=zone_type%3Aasc "HTTP/1.1 200 OK"
2025-10-17 22:03:22,531 [INFO] [OK] Retrieved 2168 Landuse zones for country 29 (22 pages)
2025-10-17 22:03:22,555 [INFO] HTTP Request: GET http://localhost:1337/api/places?filters%5Bcountry%5D%5Bid%5D%5B%24eq%5D=29&populate=country&pagination%5BpageSize%5D=10000&sort=name%3Aasc "HTTP/1.1 200 OK"
2025-10-17 22:03:22,556 [INFO] [OK] Retrieved 0 Places for country 29
2025-10-17 22:03:22,623 [INFO] [STEP 9/12] Initializing Poisson GeoJSON spawner...
2025-10-17 22:03:22,644 [INFO] HTTP Request: GET http://localhost:1337/api/routes?filters%5Bis_active%5D%5B%24eq%5D=true&pagination%5BpageSize%5D=100 "HTTP/1.1 200 OK"
2025-10-17 22:03:22,665 [INFO] HTTP Request: GET http://localhost:1337/api/route-shapes?filters%5Broute_id%5D%5B%24eq%5D=1A&filters%5Bis_default%5D%5B%24eq%5D=true "HTTP/1.1 200 OK"
2025-10-17 22:03:22,692 [INFO] HTTP Request: GET http://localhost:1337/api/shapes?filters%5Bshape_id%5D%5B%24eq%5D=4116265f-e702-416a-89eb-b08425f89caf&sort=shape_pt_sequence&pagination%5BpageSize%5D=1000 "HTTP/1.1 200 OK"
2025-10-17 22:03:22,694 [INFO] [OK] Retrieved 1 routes with geometry from Strapi
2025-10-17 22:03:22,710 [INFO] HTTP Request: GET http://localhost:1337/api/depots?filters%5Bis_active%5D%5B%24eq%5D=true&pagination%5BpageSize%5D=100 "HTTP/1.1 200 OK"
2025-10-17 22:03:22,711 [INFO] [OK] Retrieved 5 depots from Strapi
2025-10-17 22:03:22,717 [INFO]    Processing zone 1/203...
2025-10-17 22:03:22,718 [INFO]    Processing zone 6/203...
2025-10-17 22:03:22,719 [INFO]    Processing zone 11/203...
2025-10-17 22:03:22,720 [INFO]    Processing zone 16/203...
2025-10-17 22:03:22,720 [INFO]    Processing zone 21/203...
2025-10-17 22:03:22,721 [INFO]    Processing zone 26/203...
2025-10-17 22:03:22,722 [INFO]    Processing zone 31/203...
2025-10-17 22:03:22,722 [INFO]    Processing zone 36/203...
2025-10-17 22:03:22,723 [INFO]    Processing zone 41/203...
2025-10-17 22:03:22,724 [INFO]    Processing zone 46/203...
2025-10-17 22:03:22,725 [INFO]    Processing zone 51/203...
2025-10-17 22:03:22,726 [INFO]    Processing zone 56/203...
2025-10-17 22:03:22,727 [INFO]    Processing zone 61/203...
2025-10-17 22:03:22,728 [INFO]    Processing zone 66/203...
2025-10-17 22:03:22,729 [INFO]    Processing zone 71/203...
2025-10-17 22:03:22,730 [INFO]    Processing zone 76/203...
2025-10-17 22:03:22,730 [INFO]    Processing zone 81/203...
2025-10-17 22:03:22,731 [INFO]    Processing zone 86/203...
2025-10-17 22:03:22,732 [INFO]    Processing zone 91/203...
2025-10-17 22:03:22,734 [INFO]    Processing zone 96/203...
2025-10-17 22:03:22,734 [INFO]    Processing zone 101/203...
2025-10-17 22:03:22,735 [INFO]    Processing zone 106/203...
2025-10-17 22:03:22,736 [INFO]    Processing zone 111/203...
2025-10-17 22:03:22,737 [INFO]    Processing zone 116/203...
2025-10-17 22:03:22,738 [INFO]    Processing zone 121/203...
2025-10-17 22:03:22,739 [INFO]    Processing zone 126/203...
2025-10-17 22:03:22,740 [INFO]    Processing zone 131/203...
2025-10-17 22:03:22,742 [INFO]    Processing zone 136/203...
2025-10-17 22:03:22,743 [INFO]    Processing zone 141/203...
2025-10-17 22:03:22,745 [INFO]    Processing zone 146/203...
2025-10-17 22:03:22,746 [INFO]    Processing zone 151/203...
2025-10-17 22:03:22,747 [INFO]    Processing zone 156/203...
2025-10-17 22:03:22,748 [INFO]    Processing zone 161/203...
2025-10-17 22:03:22,749 [INFO]    Processing zone 166/203...
2025-10-17 22:03:22,750 [INFO]    Processing zone 171/203...
2025-10-17 22:03:22,751 [INFO]    Processing zone 176/203...
2025-10-17 22:03:22,752 [INFO]    Processing zone 181/203...
2025-10-17 22:03:22,754 [INFO]    Processing zone 186/203...
2025-10-17 22:03:22,754 [INFO]    Processing zone 191/203...
2025-10-17 22:03:22,755 [INFO]    Processing zone 196/203...
2025-10-17 22:03:22,756 [INFO]    Processing zone 201/203...
2025-10-17 22:03:22,766 [INFO]    Processing zone 1/289...
2025-10-17 22:03:22,767 [INFO]    Processing zone 6/289...
2025-10-17 22:03:22,768 [INFO]    Processing zone 11/289...
2025-10-17 22:03:22,770 [INFO]    Processing zone 16/289...
2025-10-17 22:03:22,770 [INFO]    Processing zone 21/289...
2025-10-17 22:03:22,771 [INFO]    Processing zone 26/289...
2025-10-17 22:03:22,772 [INFO]    Processing zone 31/289...
2025-10-17 22:03:22,773 [INFO]    Processing zone 36/289...
2025-10-17 22:03:22,774 [INFO]    Processing zone 41/289...
2025-10-17 22:03:22,776 [INFO]    Processing zone 46/289...
2025-10-17 22:03:22,777 [INFO]    Processing zone 51/289...
2025-10-17 22:03:22,778 [INFO]    Processing zone 56/289...
2025-10-17 22:03:22,778 [INFO]    Processing zone 61/289...
2025-10-17 22:03:22,779 [INFO]    Processing zone 66/289...
2025-10-17 22:03:22,779 [INFO]    Processing zone 71/289...
2025-10-17 22:03:22,780 [INFO]    Processing zone 76/289...
2025-10-17 22:03:22,781 [INFO]    Processing zone 81/289...
2025-10-17 22:03:22,781 [INFO]    Processing zone 86/289...
2025-10-17 22:03:22,782 [INFO]    Processing zone 91/289...
2025-10-17 22:03:22,783 [INFO]    Processing zone 96/289...
2025-10-17 22:03:22,784 [INFO]    Processing zone 101/289...
2025-10-17 22:03:22,786 [INFO]    Processing zone 106/289...
2025-10-17 22:03:22,787 [INFO]    Processing zone 111/289...
2025-10-17 22:03:22,788 [INFO]    Processing zone 116/289...
2025-10-17 22:03:22,789 [INFO]    Processing zone 121/289...
2025-10-17 22:03:22,791 [INFO]    Processing zone 126/289...
2025-10-17 22:03:22,792 [INFO]    Processing zone 131/289...
2025-10-17 22:03:22,793 [INFO]    Processing zone 136/289...
2025-10-17 22:03:22,794 [INFO]    Processing zone 141/289...
2025-10-17 22:03:22,796 [INFO]    Processing zone 146/289...
2025-10-17 22:03:22,797 [INFO]    Processing zone 151/289...
2025-10-17 22:03:22,798 [INFO]    Processing zone 156/289...
2025-10-17 22:03:22,799 [INFO]    Processing zone 161/289...
2025-10-17 22:03:22,800 [INFO]    Processing zone 166/289...
2025-10-17 22:03:22,802 [INFO]    Processing zone 171/289...
2025-10-17 22:03:22,803 [INFO]    Processing zone 176/289...
2025-10-17 22:03:22,804 [INFO]    Processing zone 181/289...
2025-10-17 22:03:22,805 [INFO]    Processing zone 186/289...
2025-10-17 22:03:22,806 [INFO]    Processing zone 191/289...
2025-10-17 22:03:22,808 [INFO]    Processing zone 196/289...
2025-10-17 22:03:22,809 [INFO]    Processing zone 201/289...
2025-10-17 22:03:22,810 [INFO]    Processing zone 206/289...
2025-10-17 22:03:22,811 [INFO]    Processing zone 211/289...
2025-10-17 22:03:22,812 [INFO]    Processing zone 216/289...
2025-10-17 22:03:22,813 [INFO]    Processing zone 221/289...
2025-10-17 22:03:22,814 [INFO]    Processing zone 226/289...
2025-10-17 22:03:22,815 [INFO]    Processing zone 231/289...
2025-10-17 22:03:22,817 [INFO]    Processing zone 236/289...
2025-10-17 22:03:22,818 [INFO]    Processing zone 241/289...
2025-10-17 22:03:22,819 [INFO]    Processing zone 246/289...
2025-10-17 22:03:22,820 [INFO]    Processing zone 251/289...
2025-10-17 22:03:22,821 [INFO]    Processing zone 256/289...
2025-10-17 22:03:22,823 [INFO]    Processing zone 261/289...
2025-10-17 22:03:22,824 [INFO]    Processing zone 266/289...
2025-10-17 22:03:22,825 [INFO]    Processing zone 271/289...
2025-10-17 22:03:22,827 [INFO]    Processing zone 276/289...
2025-10-17 22:03:22,828 [INFO]    Processing zone 281/289...
2025-10-17 22:03:22,829 [INFO]    Processing zone 286/289...
2025-10-17 22:03:22,844 [INFO] [STEP 10/12] Creating depot queues...
2025-10-17 22:03:22,845 [INFO] [STEP 11/12] Connecting to Socket.IO...
2025-10-17 22:03:22,845 [INFO]    Attempting Socket.IO connection to http://localhost:1337...
2025-10-17 22:03:22,845 [INFO] Connecting to http://localhost:1337/depot-reservoir...
2025-10-17 22:03:23,104 [INFO] Connected to Socket.IO server: http://localhost:1337/depot-reservoir
2025-10-17 22:03:23,104 [INFO] Connection established
2025-10-17 22:03:23,104 [INFO]    Socket.IO connected!
2025-10-17 22:03:23,105 [INFO] [STEP 12/12] Starting background services...
2025-10-17 22:03:23,105 [INFO] ================================================================================
2025-10-17 22:03:23,105 [INFO] [STATS] DEPOT RESERVOIR - INITIALIZATION COMPLETE
2025-10-17 22:03:23,105 [INFO] ================================================================================
2025-10-17 22:03:23,106 [INFO] [DEPOT] Active Depots: 5
2025-10-17 22:03:23,106 [INFO]    • BGI_CHEAPSIDE_03 (Cheapside ZR and Minibus Terminal) @ (13.0982, -59.6216)
2025-10-17 22:03:23,106 [INFO]    • BGI_CONSTITUTION_04 (Constitution River Terminal) @ (13.0965, -59.6086)
2025-10-17 22:03:23,107 [INFO]    • BGI_FAIRCHILD_02 (Granville Williams Bus Terminal) @ (13.0961, -59.6123)
2025-10-17 22:03:23,107 [INFO]    • BGI_PRINCESS_05 (Princess Alice Bus Terminal) @ (13.0978, -59.6218)
2025-10-17 22:03:23,107 [INFO]    • SPT_NORTH_01 (Speightstown Bus Terminal) @ (13.2521, -59.6425)
2025-10-17 22:03:23,107 [INFO] [ROUTE] Active Routes: 1
2025-10-17 22:03:23,107 [INFO]    • 1A: route 1A
2025-10-17 22:03:23,108 [INFO] ================================================================================
2025-10-17 22:03:23,111 [INFO] [ConfigService] Initializing configuration service...
2025-10-17 22:03:23,383 [INFO] [ConfigService] Initialized with 12 parameters
2025-10-17 22:03:23,383 [INFO] [CONFIG] Loaded spawn_interval from database: 30.0s (configure via Strapi: commuter_service.spawning.depot_spawn_interval_seconds)
2025-10-17 22:03:23,383 [INFO] ExpirationManager started: check_interval=10.0s, timeout=1800.0s
2025-10-17 22:03:23,387 [INFO] Depot reservoir service started successfully with automatic spawning
2025-10-17 22:03:23,388 [INFO] Starting route reservoir service...
2025-10-17 22:03:23,671 [INFO] [ConfigService] Auto-refresh started (interval: 30s)
2025-10-17 22:03:23,671 [INFO] [SPAWNING_LOOP] Starting automatic passenger spawning loop (using GeoJSON population data)
2025-10-17 22:03:23,672 [INFO] [SPAWNING_LOOP] Cycle 1: Waiting 30.0s before next spawn...
2025-10-17 22:03:23,952 [INFO] HTTP Request: GET http://localhost:1337/api/countries "HTTP/1.1 200 OK"
2025-10-17 22:03:23,953 [INFO] [OK] Strapi API client connected to http://localhost:1337
2025-10-17 22:03:23,953 [INFO] [API] Loading routes from Strapi API...
2025-10-17 22:03:23,971 [INFO] HTTP Request: GET http://localhost:1337/api/routes?filters%5Bis_active%5D%5B%24eq%5D=true&pagination%5BpageSize%5D=100 "HTTP/1.1 200 OK"
2025-10-17 22:03:23,989 [INFO] HTTP Request: GET http://localhost:1337/api/route-shapes?filters%5Broute_id%5D%5B%24eq%5D=1A&filters%5Bis_default%5D%5B%24eq%5D=true "HTTP/1.1 200 OK"
2025-10-17 22:03:24,015 [INFO] HTTP Request: GET http://localhost:1337/api/shapes?filters%5Bshape_id%5D%5B%24eq%5D=4116265f-e702-416a-89eb-b08425f89caf&sort=shape_pt_sequence&pagination%5BpageSize%5D=1000 "HTTP/1.1 200 OK"
2025-10-17 22:03:24,016 [INFO] [OK] Retrieved 1 routes with geometry from Strapi
2025-10-17 22:03:24,017 [INFO] [OK] Loaded 1 routes from database
2025-10-17 22:03:24,017 [INFO] [SPATIAL] Initializing spatial zone cache with 88 route points...
2025-10-17 22:03:24,099 [INFO] HTTP Request: GET http://localhost:1337/api/landuse-zones?filters%5Bcountry%5D%5Bid%5D%5B%24eq%5D=29&populate=country&pagination%5Bpage%5D=1&pagination%5BpageSize%5D=100&sort=zone_type%3Aasc "HTTP/1.1 200 OK"
2025-10-17 22:03:24,175 [INFO] HTTP Request: GET http://localhost:1337/api/landuse-zones?filters%5Bcountry%5D%5Bid%5D%5B%24eq%5D=29&populate=country&pagination%5Bpage%5D=2&pagination%5BpageSize%5D=100&sort=zone_type%3Aasc "HTTP/1.1 200 OK"
2025-10-17 22:03:24,247 [INFO] HTTP Request: GET http://localhost:1337/api/landuse-zones?filters%5Bcountry%5D%5Bid%5D%5B%24eq%5D=29&populate=country&pagination%5Bpage%5D=3&pagination%5BpageSize%5D=100&sort=zone_type%3Aasc "HTTP/1.1 200 OK"
2025-10-17 22:03:24,328 [INFO] HTTP Request: GET http://localhost:1337/api/landuse-zones?filters%5Bcountry%5D%5Bid%5D%5B%24eq%5D=29&populate=country&pagination%5Bpage%5D=4&pagination%5BpageSize%5D=100&sort=zone_type%3Aasc "HTTP/1.1 200 OK"
2025-10-17 22:03:24,399 [INFO] HTTP Request: GET http://localhost:1337/api/landuse-zones?filters%5Bcountry%5D%5Bid%5D%5B%24eq%5D=29&populate=country&pagination%5Bpage%5D=5&pagination%5BpageSize%5D=100&sort=zone_type%3Aasc "HTTP/1.1 200 OK"
2025-10-17 22:03:24,471 [INFO] HTTP Request: GET http://localhost:1337/api/landuse-zones?filters%5Bcountry%5D%5Bid%5D%5B%24eq%5D=29&populate=country&pagination%5Bpage%5D=6&pagination%5BpageSize%5D=100&sort=zone_type%3Aasc "HTTP/1.1 200 OK"
2025-10-17 22:03:24,573 [INFO] HTTP Request: GET http://localhost:1337/api/landuse-zones?filters%5Bcountry%5D%5Bid%5D%5B%24eq%5D=29&populate=country&pagination%5Bpage%5D=7&pagination%5BpageSize%5D=100&sort=zone_type%3Aasc "HTTP/1.1 200 OK"
2025-10-17 22:03:24,667 [INFO] HTTP Request: GET http://localhost:1337/api/landuse-zones?filters%5Bcountry%5D%5Bid%5D%5B%24eq%5D=29&populate=country&pagination%5Bpage%5D=8&pagination%5BpageSize%5D=100&sort=zone_type%3Aasc "HTTP/1.1 200 OK"
2025-10-17 22:03:24,738 [INFO] HTTP Request: GET http://localhost:1337/api/landuse-zones?filters%5Bcountry%5D%5Bid%5D%5B%24eq%5D=29&populate=country&pagination%5Bpage%5D=9&pagination%5BpageSize%5D=100&sort=zone_type%3Aasc "HTTP/1.1 200 OK"
2025-10-17 22:03:24,807 [INFO] HTTP Request: GET http://localhost:1337/api/landuse-zones?filters%5Bcountry%5D%5Bid%5D%5B%24eq%5D=29&populate=country&pagination%5Bpage%5D=10&pagination%5BpageSize%5D=100&sort=zone_type%3Aasc "HTTP/1.1 200 OK"
2025-10-17 22:03:24,871 [INFO] HTTP Request: GET http://localhost:1337/api/landuse-zones?filters%5Bcountry%5D%5Bid%5D%5B%24eq%5D=29&populate=country&pagination%5Bpage%5D=11&pagination%5BpageSize%5D=100&sort=zone_type%3Aasc "HTTP/1.1 200 OK"
2025-10-17 22:03:24,931 [INFO] HTTP Request: GET http://localhost:1337/api/landuse-zones?filters%5Bcountry%5D%5Bid%5D%5B%24eq%5D=29&populate=country&pagination%5Bpage%5D=12&pagination%5BpageSize%5D=100&sort=zone_type%3Aasc "HTTP/1.1 200 OK"
2025-10-17 22:03:25,002 [INFO] HTTP Request: GET http://localhost:1337/api/landuse-zones?filters%5Bcountry%5D%5Bid%5D%5B%24eq%5D=29&populate=country&pagination%5Bpage%5D=13&pagination%5BpageSize%5D=100&sort=zone_type%3Aasc "HTTP/1.1 200 OK"
2025-10-17 22:03:25,062 [INFO] HTTP Request: GET http://localhost:1337/api/landuse-zones?filters%5Bcountry%5D%5Bid%5D%5B%24eq%5D=29&populate=country&pagination%5Bpage%5D=14&pagination%5BpageSize%5D=100&sort=zone_type%3Aasc "HTTP/1.1 200 OK"
2025-10-17 22:03:25,121 [INFO] HTTP Request: GET http://localhost:1337/api/landuse-zones?filters%5Bcountry%5D%5Bid%5D%5B%24eq%5D=29&populate=country&pagination%5Bpage%5D=15&pagination%5BpageSize%5D=100&sort=zone_type%3Aasc "HTTP/1.1 200 OK"
2025-10-17 22:03:25,181 [INFO] HTTP Request: GET http://localhost:1337/api/landuse-zones?filters%5Bcountry%5D%5Bid%5D%5B%24eq%5D=29&populate=country&pagination%5Bpage%5D=16&pagination%5BpageSize%5D=100&sort=zone_type%3Aasc "HTTP/1.1 200 OK"
2025-10-17 22:03:25,238 [INFO] HTTP Request: GET http://localhost:1337/api/landuse-zones?filters%5Bcountry%5D%5Bid%5D%5B%24eq%5D=29&populate=country&pagination%5Bpage%5D=17&pagination%5BpageSize%5D=100&sort=zone_type%3Aasc "HTTP/1.1 200 OK"
2025-10-17 22:03:25,293 [INFO] HTTP Request: GET http://localhost:1337/api/landuse-zones?filters%5Bcountry%5D%5Bid%5D%5B%24eq%5D=29&populate=country&pagination%5Bpage%5D=18&pagination%5BpageSize%5D=100&sort=zone_type%3Aasc "HTTP/1.1 200 OK"
2025-10-17 22:03:25,351 [INFO] HTTP Request: GET http://localhost:1337/api/landuse-zones?filters%5Bcountry%5D%5Bid%5D%5B%24eq%5D=29&populate=country&pagination%5Bpage%5D=19&pagination%5BpageSize%5D=100&sort=zone_type%3Aasc "HTTP/1.1 200 OK"
2025-10-17 22:03:25,407 [INFO] HTTP Request: GET http://localhost:1337/api/landuse-zones?filters%5Bcountry%5D%5Bid%5D%5B%24eq%5D=29&populate=country&pagination%5Bpage%5D=20&pagination%5BpageSize%5D=100&sort=zone_type%3Aasc "HTTP/1.1 200 OK"
2025-10-17 22:03:25,463 [INFO] HTTP Request: GET http://localhost:1337/api/landuse-zones?filters%5Bcountry%5D%5Bid%5D%5B%24eq%5D=29&populate=country&pagination%5Bpage%5D=21&pagination%5BpageSize%5D=100&sort=zone_type%3Aasc "HTTP/1.1 200 OK"
2025-10-17 22:03:25,511 [INFO] HTTP Request: GET http://localhost:1337/api/landuse-zones?filters%5Bcountry%5D%5Bid%5D%5B%24eq%5D=29&populate=country&pagination%5Bpage%5D=22&pagination%5BpageSize%5D=100&sort=zone_type%3Aasc "HTTP/1.1 200 OK"
2025-10-17 22:03:25,513 [INFO] [OK] Retrieved 2168 Landuse zones for country 29 (22 pages)
2025-10-17 22:03:25,530 [INFO] HTTP Request: GET http://localhost:1337/api/places?filters%5Bcountry%5D%5Bid%5D%5B%24eq%5D=29&populate=country&pagination%5BpageSize%5D=10000&sort=name%3Aasc "HTTP/1.1 200 OK"
2025-10-17 22:03:25,531 [INFO] [OK] Retrieved 0 Places for country 29
2025-10-17 22:03:25,578 [INFO] [INIT] Initializing Poisson GeoJSON spawner with spatial cache...
2025-10-17 22:03:25,590 [INFO] HTTP Request: GET http://localhost:1337/api/routes?filters%5Bis_active%5D%5B%24eq%5D=true&pagination%5BpageSize%5D=100 "HTTP/1.1 200 OK"
2025-10-17 22:03:25,604 [INFO] HTTP Request: GET http://localhost:1337/api/route-shapes?filters%5Broute_id%5D%5B%24eq%5D=1A&filters%5Bis_default%5D%5B%24eq%5D=true "HTTP/1.1 200 OK"
2025-10-17 22:03:25,627 [INFO] HTTP Request: GET http://localhost:1337/api/shapes?filters%5Bshape_id%5D%5B%24eq%5D=4116265f-e702-416a-89eb-b08425f89caf&sort=shape_pt_sequence&pagination%5BpageSize%5D=1000 "HTTP/1.1 200 OK"
2025-10-17 22:03:25,628 [INFO] [OK] Retrieved 1 routes with geometry from Strapi
2025-10-17 22:03:25,643 [INFO] HTTP Request: GET http://localhost:1337/api/depots?filters%5Bis_active%5D%5B%24eq%5D=true&pagination%5BpageSize%5D=100 "HTTP/1.1 200 OK"
2025-10-17 22:03:25,644 [INFO] [OK] Retrieved 5 depots from Strapi
2025-10-17 22:03:25,648 [INFO]    Processing zone 1/28...
2025-10-17 22:03:25,649 [INFO]    Processing zone 6/28...
2025-10-17 22:03:25,649 [INFO]    Processing zone 11/28...
2025-10-17 22:03:25,650 [INFO]    Processing zone 16/28...
2025-10-17 22:03:25,651 [INFO]    Processing zone 21/28...
2025-10-17 22:03:25,651 [INFO]    Processing zone 26/28...
2025-10-17 22:03:25,658 [INFO]    Processing zone 1/7...
2025-10-17 22:03:25,659 [INFO]    Processing zone 6/7...
2025-10-17 22:03:25,670 [INFO] Connecting to http://localhost:1337/route-reservoir...
2025-10-17 22:03:25,937 [INFO] Connected to Socket.IO server: http://localhost:1337/route-reservoir
2025-10-17 22:03:25,938 [INFO] Connection established
2025-10-17 22:03:25,938 [INFO] ================================================================================
2025-10-17 22:03:25,938 [INFO] [STATS] ROUTE RESERVOIR - INITIALIZATION COMPLETE
2025-10-17 22:03:25,938 [INFO] ================================================================================
2025-10-17 22:03:25,938 [INFO] [ROUTE] Active Routes: 1
2025-10-17 22:03:25,938 [INFO]    • 1A: route 1A (88 points)
2025-10-17 22:03:25,939 [INFO] [GRID] Grid Cell Size: 0.01° (~1km)
2025-10-17 22:03:25,939 [INFO] [GRID] Active Grid Cells: 5
2025-10-17 22:03:25,939 [INFO] [COMMUTER] Active Commuters: 0
2025-10-17 22:03:25,939 [INFO] ================================================================================
2025-10-17 22:03:25,939 [INFO] [CONFIG] Loaded spawn_interval from database: 30.0s (configure via Strapi: commuter_service.spawning.route_spawn_interval_seconds)
2025-10-17 22:03:25,940 [INFO] ExpirationManager started: check_interval=10.0s, timeout=1800.0s
2025-10-17 22:03:25,942 [INFO] Route reservoir service started successfully with automatic spawning
2025-10-17 22:03:25,943 [INFO] [SPAWNING_LOOP] Starting automatic passenger spawning loop (using GeoJSON population data)
2025-10-17 22:03:25,943 [INFO] [SPAWNING_LOOP] Cycle 1: Waiting 30.0s before next spawn...
2025-10-17 22:03:53,675 [INFO] [SPAWNING_LOOP] Cycle 1: Generating spawns now...
2025-10-17 22:03:53,772 [INFO] [SPAWN_GEN] Generated 2 spawn requests for hour 22
2025-10-17 22:03:54,077 [INFO] [SPAWNING_LOOP] Cycle 1: Completed
2025-10-17 22:03:54,077 [INFO] [SPAWNING_LOOP] Cycle 2: Waiting 30.0s before next spawn...
2025-10-17 22:03:55,950 [INFO] [SPAWNING_LOOP] Cycle 1: Generating spawns now...
2025-10-17 22:03:55,981 [INFO] [SPAWN_GEN] Generated 2 spawn requests for hour 22
2025-10-17 22:03:56,281 [INFO] [SPAWNING_LOOP] Cycle 1: Completed
2025-10-17 22:03:56,281 [INFO] [SPAWNING_LOOP] Cycle 2: Waiting 30.0s before next spawn...
2025-10-17 22:04:24,079 [INFO] [SPAWNING_LOOP] Cycle 2: Generating spawns now...
2025-10-17 22:04:24,115 [INFO] [SPAWN_GEN] Generated 5 spawn requests for hour 22
2025-10-17 22:04:24,480 [INFO] [SPAWNING_LOOP] Cycle 2: Completed
2025-10-17 22:04:24,480 [INFO] [SPAWNING_LOOP] Cycle 3: Waiting 30.0s before next spawn...
2025-10-17 22:04:26,284 [INFO] [SPAWNING_LOOP] Cycle 2: Generating spawns now...
2025-10-17 22:04:26,307 [INFO] [SPAWN_GEN] Generated 1 spawn requests for hour 22
2025-10-17 22:04:26,583 [INFO] [SPAWNING_LOOP] Cycle 2: Completed
2025-10-17 22:04:26,583 [INFO] [SPAWNING_LOOP] Cycle 3: Waiting 30.0s before next spawn...
2025-10-17 22:04:35,081 [INFO] [ConfigService] Auto-refresh stopped
2025-10-17 22:04:35,081 [INFO] [SPAWNING_LOOP] Loop cancelled
2025-10-17 22:04:35,082 [INFO] [SPAWNING_LOOP] Loop exited
2025-10-17 22:04:35,082 [INFO] [SPAWNING_LOOP] Loop cancelled
2025-10-17 22:04:35,082 [INFO] [SPAWNING_LOOP] Loop exited
2025-10-17 22:04:35,139 [ERROR] Unclosed client session
client_session: <aiohttp.client.ClientSession object at 0x00000232476ABB10>
2025-10-17 22:04:35,142 [ERROR] Unclosed client session
client_session: <aiohttp.client.ClientSession object at 0x00000232476AAFD0>
2025-10-17 22:04:35,142 [ERROR] Unclosed connector
connections: ['deque([(<aiohttp.client_proto.ResponseHandler object at 0x00000232477C5C70>, 52578.6717449)])']
connector: <aiohttp.connector.TCPConnector object at 0x00000232476AAD50>
2025-10-17 22:04:35,142 [ERROR] Unclosed client session
client_session: <aiohttp.client.ClientSession object at 0x000002324772B4D0>
2025-10-17 22:04:35,144 [ERROR] Unclosed client session
client_session: <aiohttp.client.ClientSession object at 0x000002324756D010>
2025-10-17 22:04:35,144 [ERROR] Unclosed client session
client_session: <aiohttp.client.ClientSession object at 0x00000232476A9090>
2025-10-17 22:04:35,144 [ERROR] Unclosed connector
connections: ['deque([(<aiohttp.client_proto.ResponseHandler object at 0x00000232477C5610>, 52578.8167706)])']
connector: <aiohttp.connector.TCPConnector object at 0x000002324756D160>
2025-10-17 22:04:35,145 [ERROR] Unclosed connector
connections: ['deque([(<aiohttp.client_proto.ResponseHandler object at 0x00000232477C5D30>, 52580.9229715)])']
connector: <aiohttp.connector.TCPConnector object at 0x00000232476A8910>
