2025-10-17 21:52:02,605 [INFO] [STEP 1/12] Starting depot reservoir service...
2025-10-17 21:52:02,605 [INFO] [STEP 2/12] Connecting to database...
2025-10-17 21:52:02,605 [INFO] [STEP 3/12] Initializing Strapi API client...
2025-10-17 21:52:03,212 [INFO] HTTP Request: GET http://localhost:1337/api/countries "HTTP/1.1 200 OK"
2025-10-17 21:52:03,213 [INFO] [OK] Strapi API client connected to http://localhost:1337
2025-10-17 21:52:03,213 [INFO] [STEP 4/12] Loading depots and routes from API...
2025-10-17 21:52:03,235 [INFO] HTTP Request: GET http://localhost:1337/api/depots?filters%5Bis_active%5D%5B%24eq%5D=true&pagination%5BpageSize%5D=100 "HTTP/1.1 200 OK"
2025-10-17 21:52:03,236 [INFO] [OK] Retrieved 5 depots from Strapi
2025-10-17 21:52:03,263 [INFO] HTTP Request: GET http://localhost:1337/api/routes?filters%5Bis_active%5D%5B%24eq%5D=true&pagination%5BpageSize%5D=100 "HTTP/1.1 200 OK"
2025-10-17 21:52:03,292 [INFO] HTTP Request: GET http://localhost:1337/api/route-shapes?filters%5Broute_id%5D%5B%24eq%5D=1A&filters%5Bis_default%5D%5B%24eq%5D=true "HTTP/1.1 200 OK"
2025-10-17 21:52:03,326 [INFO] HTTP Request: GET http://localhost:1337/api/shapes?filters%5Bshape_id%5D%5B%24eq%5D=4116265f-e702-416a-89eb-b08425f89caf&sort=shape_pt_sequence&pagination%5BpageSize%5D=1000 "HTTP/1.1 200 OK"
2025-10-17 21:52:03,327 [INFO] [OK] Retrieved 1 routes with geometry from Strapi
2025-10-17 21:52:03,327 [INFO] [STEP 5/12] Loaded 5 depots and 1 routes
2025-10-17 21:52:03,327 [INFO] [STEP 6/12] Extracting route coordinates for spatial filtering...
2025-10-17 21:52:03,327 [INFO] [STEP 7/12] Initializing spatial zone cache (88 route points, 5 depots)...
2025-10-17 21:52:03,328 [INFO] [STEP 8/12] Loading zones with spatial filtering...
2025-10-17 21:52:03,423 [INFO] HTTP Request: GET http://localhost:1337/api/landuse-zones?filters%5Bcountry%5D%5Bid%5D%5B%24eq%5D=29&populate=country&pagination%5Bpage%5D=1&pagination%5BpageSize%5D=100&sort=zone_type%3Aasc "HTTP/1.1 200 OK"
2025-10-17 21:52:03,497 [INFO] HTTP Request: GET http://localhost:1337/api/landuse-zones?filters%5Bcountry%5D%5Bid%5D%5B%24eq%5D=29&populate=country&pagination%5Bpage%5D=2&pagination%5BpageSize%5D=100&sort=zone_type%3Aasc "HTTP/1.1 200 OK"
2025-10-17 21:52:03,553 [INFO] HTTP Request: GET http://localhost:1337/api/landuse-zones?filters%5Bcountry%5D%5Bid%5D%5B%24eq%5D=29&populate=country&pagination%5Bpage%5D=3&pagination%5BpageSize%5D=100&sort=zone_type%3Aasc "HTTP/1.1 200 OK"
2025-10-17 21:52:03,602 [INFO] HTTP Request: GET http://localhost:1337/api/landuse-zones?filters%5Bcountry%5D%5Bid%5D%5B%24eq%5D=29&populate=country&pagination%5Bpage%5D=4&pagination%5BpageSize%5D=100&sort=zone_type%3Aasc "HTTP/1.1 200 OK"
2025-10-17 21:52:03,670 [INFO] HTTP Request: GET http://localhost:1337/api/landuse-zones?filters%5Bcountry%5D%5Bid%5D%5B%24eq%5D=29&populate=country&pagination%5Bpage%5D=5&pagination%5BpageSize%5D=100&sort=zone_type%3Aasc "HTTP/1.1 200 OK"
2025-10-17 21:52:03,720 [INFO] HTTP Request: GET http://localhost:1337/api/landuse-zones?filters%5Bcountry%5D%5Bid%5D%5B%24eq%5D=29&populate=country&pagination%5Bpage%5D=6&pagination%5BpageSize%5D=100&sort=zone_type%3Aasc "HTTP/1.1 200 OK"
2025-10-17 21:52:03,777 [INFO] HTTP Request: GET http://localhost:1337/api/landuse-zones?filters%5Bcountry%5D%5Bid%5D%5B%24eq%5D=29&populate=country&pagination%5Bpage%5D=7&pagination%5BpageSize%5D=100&sort=zone_type%3Aasc "HTTP/1.1 200 OK"
2025-10-17 21:52:03,837 [INFO] HTTP Request: GET http://localhost:1337/api/landuse-zones?filters%5Bcountry%5D%5Bid%5D%5B%24eq%5D=29&populate=country&pagination%5Bpage%5D=8&pagination%5BpageSize%5D=100&sort=zone_type%3Aasc "HTTP/1.1 200 OK"
2025-10-17 21:52:03,952 [INFO] HTTP Request: GET http://localhost:1337/api/landuse-zones?filters%5Bcountry%5D%5Bid%5D%5B%24eq%5D=29&populate=country&pagination%5Bpage%5D=9&pagination%5BpageSize%5D=100&sort=zone_type%3Aasc "HTTP/1.1 200 OK"
2025-10-17 21:52:04,011 [INFO] HTTP Request: GET http://localhost:1337/api/landuse-zones?filters%5Bcountry%5D%5Bid%5D%5B%24eq%5D=29&populate=country&pagination%5Bpage%5D=10&pagination%5BpageSize%5D=100&sort=zone_type%3Aasc "HTTP/1.1 200 OK"
2025-10-17 21:52:04,073 [INFO] HTTP Request: GET http://localhost:1337/api/landuse-zones?filters%5Bcountry%5D%5Bid%5D%5B%24eq%5D=29&populate=country&pagination%5Bpage%5D=11&pagination%5BpageSize%5D=100&sort=zone_type%3Aasc "HTTP/1.1 200 OK"
2025-10-17 21:52:04,132 [INFO] HTTP Request: GET http://localhost:1337/api/landuse-zones?filters%5Bcountry%5D%5Bid%5D%5B%24eq%5D=29&populate=country&pagination%5Bpage%5D=12&pagination%5BpageSize%5D=100&sort=zone_type%3Aasc "HTTP/1.1 200 OK"
2025-10-17 21:52:04,189 [INFO] HTTP Request: GET http://localhost:1337/api/landuse-zones?filters%5Bcountry%5D%5Bid%5D%5B%24eq%5D=29&populate=country&pagination%5Bpage%5D=13&pagination%5BpageSize%5D=100&sort=zone_type%3Aasc "HTTP/1.1 200 OK"
2025-10-17 21:52:04,244 [INFO] HTTP Request: GET http://localhost:1337/api/landuse-zones?filters%5Bcountry%5D%5Bid%5D%5B%24eq%5D=29&populate=country&pagination%5Bpage%5D=14&pagination%5BpageSize%5D=100&sort=zone_type%3Aasc "HTTP/1.1 200 OK"
2025-10-17 21:52:04,302 [INFO] HTTP Request: GET http://localhost:1337/api/landuse-zones?filters%5Bcountry%5D%5Bid%5D%5B%24eq%5D=29&populate=country&pagination%5Bpage%5D=15&pagination%5BpageSize%5D=100&sort=zone_type%3Aasc "HTTP/1.1 200 OK"
2025-10-17 21:52:04,354 [INFO] HTTP Request: GET http://localhost:1337/api/landuse-zones?filters%5Bcountry%5D%5Bid%5D%5B%24eq%5D=29&populate=country&pagination%5Bpage%5D=16&pagination%5BpageSize%5D=100&sort=zone_type%3Aasc "HTTP/1.1 200 OK"
2025-10-17 21:52:04,404 [INFO] HTTP Request: GET http://localhost:1337/api/landuse-zones?filters%5Bcountry%5D%5Bid%5D%5B%24eq%5D=29&populate=country&pagination%5Bpage%5D=17&pagination%5BpageSize%5D=100&sort=zone_type%3Aasc "HTTP/1.1 200 OK"
2025-10-17 21:52:04,453 [INFO] HTTP Request: GET http://localhost:1337/api/landuse-zones?filters%5Bcountry%5D%5Bid%5D%5B%24eq%5D=29&populate=country&pagination%5Bpage%5D=18&pagination%5BpageSize%5D=100&sort=zone_type%3Aasc "HTTP/1.1 200 OK"
2025-10-17 21:52:04,526 [INFO] HTTP Request: GET http://localhost:1337/api/landuse-zones?filters%5Bcountry%5D%5Bid%5D%5B%24eq%5D=29&populate=country&pagination%5Bpage%5D=19&pagination%5BpageSize%5D=100&sort=zone_type%3Aasc "HTTP/1.1 200 OK"
2025-10-17 21:52:04,577 [INFO] HTTP Request: GET http://localhost:1337/api/landuse-zones?filters%5Bcountry%5D%5Bid%5D%5B%24eq%5D=29&populate=country&pagination%5Bpage%5D=20&pagination%5BpageSize%5D=100&sort=zone_type%3Aasc "HTTP/1.1 200 OK"
2025-10-17 21:52:04,630 [INFO] HTTP Request: GET http://localhost:1337/api/landuse-zones?filters%5Bcountry%5D%5Bid%5D%5B%24eq%5D=29&populate=country&pagination%5Bpage%5D=21&pagination%5BpageSize%5D=100&sort=zone_type%3Aasc "HTTP/1.1 200 OK"
2025-10-17 21:52:04,675 [INFO] HTTP Request: GET http://localhost:1337/api/landuse-zones?filters%5Bcountry%5D%5Bid%5D%5B%24eq%5D=29&populate=country&pagination%5Bpage%5D=22&pagination%5BpageSize%5D=100&sort=zone_type%3Aasc "HTTP/1.1 200 OK"
2025-10-17 21:52:04,677 [INFO] [OK] Retrieved 2168 Landuse zones for country 29 (22 pages)
2025-10-17 21:52:04,696 [INFO] HTTP Request: GET http://localhost:1337/api/places?filters%5Bcountry%5D%5Bid%5D%5B%24eq%5D=29&populate=country&pagination%5BpageSize%5D=10000&sort=name%3Aasc "HTTP/1.1 200 OK"
2025-10-17 21:52:04,697 [INFO] [OK] Retrieved 0 Places for country 29
2025-10-17 21:52:04,730 [INFO] [STEP 9/12] Initializing Poisson GeoJSON spawner...
2025-10-17 21:52:04,745 [INFO] HTTP Request: GET http://localhost:1337/api/routes?filters%5Bis_active%5D%5B%24eq%5D=true&pagination%5BpageSize%5D=100 "HTTP/1.1 200 OK"
2025-10-17 21:52:04,763 [INFO] HTTP Request: GET http://localhost:1337/api/route-shapes?filters%5Broute_id%5D%5B%24eq%5D=1A&filters%5Bis_default%5D%5B%24eq%5D=true "HTTP/1.1 200 OK"
2025-10-17 21:52:04,790 [INFO] HTTP Request: GET http://localhost:1337/api/shapes?filters%5Bshape_id%5D%5B%24eq%5D=4116265f-e702-416a-89eb-b08425f89caf&sort=shape_pt_sequence&pagination%5BpageSize%5D=1000 "HTTP/1.1 200 OK"
2025-10-17 21:52:04,791 [INFO] [OK] Retrieved 1 routes with geometry from Strapi
2025-10-17 21:52:04,808 [INFO] HTTP Request: GET http://localhost:1337/api/depots?filters%5Bis_active%5D%5B%24eq%5D=true&pagination%5BpageSize%5D=100 "HTTP/1.1 200 OK"
2025-10-17 21:52:04,809 [INFO] [OK] Retrieved 5 depots from Strapi
2025-10-17 21:52:04,810 [INFO]    Processing zone 1/203...
2025-10-17 21:52:04,811 [INFO]    Processing zone 6/203...
2025-10-17 21:52:04,811 [INFO]    Processing zone 11/203...
2025-10-17 21:52:04,812 [INFO]    Processing zone 16/203...
2025-10-17 21:52:04,812 [INFO]    Processing zone 21/203...
2025-10-17 21:52:04,813 [INFO]    Processing zone 26/203...
2025-10-17 21:52:04,813 [INFO]    Processing zone 31/203...
2025-10-17 21:52:04,813 [INFO]    Processing zone 36/203...
2025-10-17 21:52:04,814 [INFO]    Processing zone 41/203...
2025-10-17 21:52:04,814 [INFO]    Processing zone 46/203...
2025-10-17 21:52:04,815 [INFO]    Processing zone 51/203...
2025-10-17 21:52:04,815 [INFO]    Processing zone 56/203...
2025-10-17 21:52:04,815 [INFO]    Processing zone 61/203...
2025-10-17 21:52:04,816 [INFO]    Processing zone 66/203...
2025-10-17 21:52:04,816 [INFO]    Processing zone 71/203...
2025-10-17 21:52:04,817 [INFO]    Processing zone 76/203...
2025-10-17 21:52:04,817 [INFO]    Processing zone 81/203...
2025-10-17 21:52:04,818 [INFO]    Processing zone 86/203...
2025-10-17 21:52:04,818 [INFO]    Processing zone 91/203...
2025-10-17 21:52:04,818 [INFO]    Processing zone 96/203...
2025-10-17 21:52:04,819 [INFO]    Processing zone 101/203...
2025-10-17 21:52:04,819 [INFO]    Processing zone 106/203...
2025-10-17 21:52:04,820 [INFO]    Processing zone 111/203...
2025-10-17 21:52:04,820 [INFO]    Processing zone 116/203...
2025-10-17 21:52:04,820 [INFO]    Processing zone 121/203...
2025-10-17 21:52:04,821 [INFO]    Processing zone 126/203...
2025-10-17 21:52:04,821 [INFO]    Processing zone 131/203...
2025-10-17 21:52:04,821 [INFO]    Processing zone 136/203...
2025-10-17 21:52:04,822 [INFO]    Processing zone 141/203...
2025-10-17 21:52:04,822 [INFO]    Processing zone 146/203...
2025-10-17 21:52:04,823 [INFO]    Processing zone 151/203...
2025-10-17 21:52:04,823 [INFO]    Processing zone 156/203...
2025-10-17 21:52:04,823 [INFO]    Processing zone 161/203...
2025-10-17 21:52:04,823 [INFO]    Processing zone 166/203...
2025-10-17 21:52:04,823 [INFO]    Processing zone 171/203...
2025-10-17 21:52:04,824 [INFO]    Processing zone 176/203...
2025-10-17 21:52:04,824 [INFO]    Processing zone 181/203...
2025-10-17 21:52:04,824 [INFO]    Processing zone 186/203...
2025-10-17 21:52:04,825 [INFO]    Processing zone 191/203...
2025-10-17 21:52:04,825 [INFO]    Processing zone 196/203...
2025-10-17 21:52:04,825 [INFO]    Processing zone 201/203...
2025-10-17 21:52:04,827 [INFO]    Processing zone 1/289...
2025-10-17 21:52:04,828 [INFO]    Processing zone 6/289...
2025-10-17 21:52:04,829 [INFO]    Processing zone 11/289...
2025-10-17 21:52:04,830 [INFO]    Processing zone 16/289...
2025-10-17 21:52:04,831 [INFO]    Processing zone 21/289...
2025-10-17 21:52:04,831 [INFO]    Processing zone 26/289...
2025-10-17 21:52:04,831 [INFO]    Processing zone 31/289...
2025-10-17 21:52:04,832 [INFO]    Processing zone 36/289...
2025-10-17 21:52:04,832 [INFO]    Processing zone 41/289...
2025-10-17 21:52:04,833 [INFO]    Processing zone 46/289...
2025-10-17 21:52:04,833 [INFO]    Processing zone 51/289...
2025-10-17 21:52:04,833 [INFO]    Processing zone 56/289...
2025-10-17 21:52:04,834 [INFO]    Processing zone 61/289...
2025-10-17 21:52:04,834 [INFO]    Processing zone 66/289...
2025-10-17 21:52:04,834 [INFO]    Processing zone 71/289...
2025-10-17 21:52:04,834 [INFO]    Processing zone 76/289...
2025-10-17 21:52:04,835 [INFO]    Processing zone 81/289...
2025-10-17 21:52:04,835 [INFO]    Processing zone 86/289...
2025-10-17 21:52:04,836 [INFO]    Processing zone 91/289...
2025-10-17 21:52:04,837 [INFO]    Processing zone 96/289...
2025-10-17 21:52:04,838 [INFO]    Processing zone 101/289...
2025-10-17 21:52:04,838 [INFO]    Processing zone 106/289...
2025-10-17 21:52:04,839 [INFO]    Processing zone 111/289...
2025-10-17 21:52:04,840 [INFO]    Processing zone 116/289...
2025-10-17 21:52:04,840 [INFO]    Processing zone 121/289...
2025-10-17 21:52:04,841 [INFO]    Processing zone 126/289...
2025-10-17 21:52:04,842 [INFO]    Processing zone 131/289...
2025-10-17 21:52:04,842 [INFO]    Processing zone 136/289...
2025-10-17 21:52:04,842 [INFO]    Processing zone 141/289...
2025-10-17 21:52:04,843 [INFO]    Processing zone 146/289...
2025-10-17 21:52:04,843 [INFO]    Processing zone 151/289...
2025-10-17 21:52:04,843 [INFO]    Processing zone 156/289...
2025-10-17 21:52:04,843 [INFO]    Processing zone 161/289...
2025-10-17 21:52:04,844 [INFO]    Processing zone 166/289...
2025-10-17 21:52:04,844 [INFO]    Processing zone 171/289...
2025-10-17 21:52:04,844 [INFO]    Processing zone 176/289...
2025-10-17 21:52:04,844 [INFO]    Processing zone 181/289...
2025-10-17 21:52:04,845 [INFO]    Processing zone 186/289...
2025-10-17 21:52:04,845 [INFO]    Processing zone 191/289...
2025-10-17 21:52:04,845 [INFO]    Processing zone 196/289...
2025-10-17 21:52:04,846 [INFO]    Processing zone 201/289...
2025-10-17 21:52:04,846 [INFO]    Processing zone 206/289...
2025-10-17 21:52:04,846 [INFO]    Processing zone 211/289...
2025-10-17 21:52:04,847 [INFO]    Processing zone 216/289...
2025-10-17 21:52:04,847 [INFO]    Processing zone 221/289...
2025-10-17 21:52:04,848 [INFO]    Processing zone 226/289...
2025-10-17 21:52:04,848 [INFO]    Processing zone 231/289...
2025-10-17 21:52:04,848 [INFO]    Processing zone 236/289...
2025-10-17 21:52:04,849 [INFO]    Processing zone 241/289...
2025-10-17 21:52:04,849 [INFO]    Processing zone 246/289...
2025-10-17 21:52:04,849 [INFO]    Processing zone 251/289...
2025-10-17 21:52:04,850 [INFO]    Processing zone 256/289...
2025-10-17 21:52:04,850 [INFO]    Processing zone 261/289...
2025-10-17 21:52:04,850 [INFO]    Processing zone 266/289...
2025-10-17 21:52:04,851 [INFO]    Processing zone 271/289...
2025-10-17 21:52:04,851 [INFO]    Processing zone 276/289...
2025-10-17 21:52:04,852 [INFO]    Processing zone 281/289...
2025-10-17 21:52:04,852 [INFO]    Processing zone 286/289...
2025-10-17 21:52:04,862 [INFO] [STEP 10/12] Creating depot queues...
2025-10-17 21:52:04,862 [INFO] [STEP 11/12] Connecting to Socket.IO...
2025-10-17 21:52:04,863 [INFO]    Attempting Socket.IO connection to http://localhost:1337...
2025-10-17 21:52:04,863 [INFO] Connecting to http://localhost:1337/depot-reservoir...
2025-10-17 21:52:05,130 [INFO] Connected to Socket.IO server: http://localhost:1337/depot-reservoir
2025-10-17 21:52:05,131 [INFO] Connection established
2025-10-17 21:52:05,131 [INFO]    Socket.IO connected!
2025-10-17 21:52:05,131 [INFO] [STEP 12/12] Starting background services...
2025-10-17 21:52:05,131 [INFO] ================================================================================
2025-10-17 21:52:05,131 [INFO] [STATS] DEPOT RESERVOIR - INITIALIZATION COMPLETE
2025-10-17 21:52:05,131 [INFO] ================================================================================
2025-10-17 21:52:05,131 [INFO] [DEPOT] Active Depots: 5
2025-10-17 21:52:05,131 [INFO]    • BGI_CHEAPSIDE_03 (Cheapside ZR and Minibus Terminal) @ (13.0982, -59.6216)
2025-10-17 21:52:05,131 [INFO]    • BGI_CONSTITUTION_04 (Constitution River Terminal) @ (13.0965, -59.6086)
2025-10-17 21:52:05,131 [INFO]    • BGI_FAIRCHILD_02 (Granville Williams Bus Terminal) @ (13.0961, -59.6123)
2025-10-17 21:52:05,131 [INFO]    • BGI_PRINCESS_05 (Princess Alice Bus Terminal) @ (13.0978, -59.6218)
2025-10-17 21:52:05,131 [INFO]    • SPT_NORTH_01 (Speightstown Bus Terminal) @ (13.2521, -59.6425)
2025-10-17 21:52:05,131 [INFO] [ROUTE] Active Routes: 1
2025-10-17 21:52:05,131 [INFO]    • 1A: route 1A
2025-10-17 21:52:05,131 [INFO] ================================================================================
2025-10-17 21:52:05,133 [INFO] [ConfigService] Initializing configuration service...
2025-10-17 21:52:05,406 [INFO] [ConfigService] Initialized with 12 parameters
2025-10-17 21:52:05,407 [INFO] [CONFIG] Loaded spawn_interval from database: 30.0s (configure via Strapi: commuter_service.spawning.depot_spawn_interval_seconds)
2025-10-17 21:52:05,407 [INFO] ExpirationManager started: check_interval=10.0s, timeout=1800.0s
2025-10-17 21:52:05,408 [INFO] Depot reservoir service started successfully with automatic spawning
2025-10-17 21:52:05,408 [INFO] Starting route reservoir service...
2025-10-17 21:52:05,631 [INFO] [ConfigService] Auto-refresh started (interval: 30s)
2025-10-17 21:52:05,631 [INFO] [SPAWNING_LOOP] Starting automatic passenger spawning loop (using GeoJSON population data)
2025-10-17 21:52:05,631 [INFO] [SPAWNING_LOOP] Cycle 1: Waiting 30.0s before next spawn...
2025-10-17 21:52:05,894 [INFO] HTTP Request: GET http://localhost:1337/api/countries "HTTP/1.1 200 OK"
2025-10-17 21:52:05,894 [INFO] [OK] Strapi API client connected to http://localhost:1337
2025-10-17 21:52:05,895 [INFO] [API] Loading routes from Strapi API...
2025-10-17 21:52:05,907 [INFO] HTTP Request: GET http://localhost:1337/api/routes?filters%5Bis_active%5D%5B%24eq%5D=true&pagination%5BpageSize%5D=100 "HTTP/1.1 200 OK"
2025-10-17 21:52:05,922 [INFO] HTTP Request: GET http://localhost:1337/api/route-shapes?filters%5Broute_id%5D%5B%24eq%5D=1A&filters%5Bis_default%5D%5B%24eq%5D=true "HTTP/1.1 200 OK"
2025-10-17 21:52:05,940 [INFO] HTTP Request: GET http://localhost:1337/api/shapes?filters%5Bshape_id%5D%5B%24eq%5D=4116265f-e702-416a-89eb-b08425f89caf&sort=shape_pt_sequence&pagination%5BpageSize%5D=1000 "HTTP/1.1 200 OK"
2025-10-17 21:52:05,941 [INFO] [OK] Retrieved 1 routes with geometry from Strapi
2025-10-17 21:52:05,941 [INFO] [OK] Loaded 1 routes from database
2025-10-17 21:52:05,941 [INFO] [SPATIAL] Initializing spatial zone cache with 88 route points...
2025-10-17 21:52:06,009 [INFO] HTTP Request: GET http://localhost:1337/api/landuse-zones?filters%5Bcountry%5D%5Bid%5D%5B%24eq%5D=29&populate=country&pagination%5Bpage%5D=1&pagination%5BpageSize%5D=100&sort=zone_type%3Aasc "HTTP/1.1 200 OK"
2025-10-17 21:52:06,067 [INFO] HTTP Request: GET http://localhost:1337/api/landuse-zones?filters%5Bcountry%5D%5Bid%5D%5B%24eq%5D=29&populate=country&pagination%5Bpage%5D=2&pagination%5BpageSize%5D=100&sort=zone_type%3Aasc "HTTP/1.1 200 OK"
2025-10-17 21:52:06,117 [INFO] HTTP Request: GET http://localhost:1337/api/landuse-zones?filters%5Bcountry%5D%5Bid%5D%5B%24eq%5D=29&populate=country&pagination%5Bpage%5D=3&pagination%5BpageSize%5D=100&sort=zone_type%3Aasc "HTTP/1.1 200 OK"
2025-10-17 21:52:06,176 [INFO] HTTP Request: GET http://localhost:1337/api/landuse-zones?filters%5Bcountry%5D%5Bid%5D%5B%24eq%5D=29&populate=country&pagination%5Bpage%5D=4&pagination%5BpageSize%5D=100&sort=zone_type%3Aasc "HTTP/1.1 200 OK"
2025-10-17 21:52:06,232 [INFO] HTTP Request: GET http://localhost:1337/api/landuse-zones?filters%5Bcountry%5D%5Bid%5D%5B%24eq%5D=29&populate=country&pagination%5Bpage%5D=5&pagination%5BpageSize%5D=100&sort=zone_type%3Aasc "HTTP/1.1 200 OK"
2025-10-17 21:52:06,292 [INFO] HTTP Request: GET http://localhost:1337/api/landuse-zones?filters%5Bcountry%5D%5Bid%5D%5B%24eq%5D=29&populate=country&pagination%5Bpage%5D=6&pagination%5BpageSize%5D=100&sort=zone_type%3Aasc "HTTP/1.1 200 OK"
2025-10-17 21:52:06,350 [INFO] HTTP Request: GET http://localhost:1337/api/landuse-zones?filters%5Bcountry%5D%5Bid%5D%5B%24eq%5D=29&populate=country&pagination%5Bpage%5D=7&pagination%5BpageSize%5D=100&sort=zone_type%3Aasc "HTTP/1.1 200 OK"
2025-10-17 21:52:06,412 [INFO] HTTP Request: GET http://localhost:1337/api/landuse-zones?filters%5Bcountry%5D%5Bid%5D%5B%24eq%5D=29&populate=country&pagination%5Bpage%5D=8&pagination%5BpageSize%5D=100&sort=zone_type%3Aasc "HTTP/1.1 200 OK"
2025-10-17 21:52:06,473 [INFO] HTTP Request: GET http://localhost:1337/api/landuse-zones?filters%5Bcountry%5D%5Bid%5D%5B%24eq%5D=29&populate=country&pagination%5Bpage%5D=9&pagination%5BpageSize%5D=100&sort=zone_type%3Aasc "HTTP/1.1 200 OK"
2025-10-17 21:52:06,518 [INFO] HTTP Request: GET http://localhost:1337/api/landuse-zones?filters%5Bcountry%5D%5Bid%5D%5B%24eq%5D=29&populate=country&pagination%5Bpage%5D=10&pagination%5BpageSize%5D=100&sort=zone_type%3Aasc "HTTP/1.1 200 OK"
2025-10-17 21:52:06,566 [INFO] HTTP Request: GET http://localhost:1337/api/landuse-zones?filters%5Bcountry%5D%5Bid%5D%5B%24eq%5D=29&populate=country&pagination%5Bpage%5D=11&pagination%5BpageSize%5D=100&sort=zone_type%3Aasc "HTTP/1.1 200 OK"
2025-10-17 21:52:06,615 [INFO] HTTP Request: GET http://localhost:1337/api/landuse-zones?filters%5Bcountry%5D%5Bid%5D%5B%24eq%5D=29&populate=country&pagination%5Bpage%5D=12&pagination%5BpageSize%5D=100&sort=zone_type%3Aasc "HTTP/1.1 200 OK"
2025-10-17 21:52:06,670 [INFO] HTTP Request: GET http://localhost:1337/api/landuse-zones?filters%5Bcountry%5D%5Bid%5D%5B%24eq%5D=29&populate=country&pagination%5Bpage%5D=13&pagination%5BpageSize%5D=100&sort=zone_type%3Aasc "HTTP/1.1 200 OK"
2025-10-17 21:52:06,717 [INFO] HTTP Request: GET http://localhost:1337/api/landuse-zones?filters%5Bcountry%5D%5Bid%5D%5B%24eq%5D=29&populate=country&pagination%5Bpage%5D=14&pagination%5BpageSize%5D=100&sort=zone_type%3Aasc "HTTP/1.1 200 OK"
2025-10-17 21:52:06,770 [INFO] HTTP Request: GET http://localhost:1337/api/landuse-zones?filters%5Bcountry%5D%5Bid%5D%5B%24eq%5D=29&populate=country&pagination%5Bpage%5D=15&pagination%5BpageSize%5D=100&sort=zone_type%3Aasc "HTTP/1.1 200 OK"
2025-10-17 21:52:06,824 [INFO] HTTP Request: GET http://localhost:1337/api/landuse-zones?filters%5Bcountry%5D%5Bid%5D%5B%24eq%5D=29&populate=country&pagination%5Bpage%5D=16&pagination%5BpageSize%5D=100&sort=zone_type%3Aasc "HTTP/1.1 200 OK"
2025-10-17 21:52:06,881 [INFO] HTTP Request: GET http://localhost:1337/api/landuse-zones?filters%5Bcountry%5D%5Bid%5D%5B%24eq%5D=29&populate=country&pagination%5Bpage%5D=17&pagination%5BpageSize%5D=100&sort=zone_type%3Aasc "HTTP/1.1 200 OK"
2025-10-17 21:52:06,930 [INFO] HTTP Request: GET http://localhost:1337/api/landuse-zones?filters%5Bcountry%5D%5Bid%5D%5B%24eq%5D=29&populate=country&pagination%5Bpage%5D=18&pagination%5BpageSize%5D=100&sort=zone_type%3Aasc "HTTP/1.1 200 OK"
2025-10-17 21:52:06,993 [INFO] HTTP Request: GET http://localhost:1337/api/landuse-zones?filters%5Bcountry%5D%5Bid%5D%5B%24eq%5D=29&populate=country&pagination%5Bpage%5D=19&pagination%5BpageSize%5D=100&sort=zone_type%3Aasc "HTTP/1.1 200 OK"
2025-10-17 21:52:07,047 [INFO] HTTP Request: GET http://localhost:1337/api/landuse-zones?filters%5Bcountry%5D%5Bid%5D%5B%24eq%5D=29&populate=country&pagination%5Bpage%5D=20&pagination%5BpageSize%5D=100&sort=zone_type%3Aasc "HTTP/1.1 200 OK"
2025-10-17 21:52:07,103 [INFO] HTTP Request: GET http://localhost:1337/api/landuse-zones?filters%5Bcountry%5D%5Bid%5D%5B%24eq%5D=29&populate=country&pagination%5Bpage%5D=21&pagination%5BpageSize%5D=100&sort=zone_type%3Aasc "HTTP/1.1 200 OK"
2025-10-17 21:52:07,147 [INFO] HTTP Request: GET http://localhost:1337/api/landuse-zones?filters%5Bcountry%5D%5Bid%5D%5B%24eq%5D=29&populate=country&pagination%5Bpage%5D=22&pagination%5BpageSize%5D=100&sort=zone_type%3Aasc "HTTP/1.1 200 OK"
2025-10-17 21:52:07,148 [INFO] [OK] Retrieved 2168 Landuse zones for country 29 (22 pages)
2025-10-17 21:52:07,162 [INFO] HTTP Request: GET http://localhost:1337/api/places?filters%5Bcountry%5D%5Bid%5D%5B%24eq%5D=29&populate=country&pagination%5BpageSize%5D=10000&sort=name%3Aasc "HTTP/1.1 200 OK"
2025-10-17 21:52:07,163 [INFO] [OK] Retrieved 0 Places for country 29
2025-10-17 21:52:07,201 [INFO] [INIT] Initializing Poisson GeoJSON spawner with spatial cache...
2025-10-17 21:52:07,215 [INFO] HTTP Request: GET http://localhost:1337/api/routes?filters%5Bis_active%5D%5B%24eq%5D=true&pagination%5BpageSize%5D=100 "HTTP/1.1 200 OK"
2025-10-17 21:52:07,231 [INFO] HTTP Request: GET http://localhost:1337/api/route-shapes?filters%5Broute_id%5D%5B%24eq%5D=1A&filters%5Bis_default%5D%5B%24eq%5D=true "HTTP/1.1 200 OK"
2025-10-17 21:52:07,255 [INFO] HTTP Request: GET http://localhost:1337/api/shapes?filters%5Bshape_id%5D%5B%24eq%5D=4116265f-e702-416a-89eb-b08425f89caf&sort=shape_pt_sequence&pagination%5BpageSize%5D=1000 "HTTP/1.1 200 OK"
2025-10-17 21:52:07,256 [INFO] [OK] Retrieved 1 routes with geometry from Strapi
2025-10-17 21:52:07,271 [INFO] HTTP Request: GET http://localhost:1337/api/depots?filters%5Bis_active%5D%5B%24eq%5D=true&pagination%5BpageSize%5D=100 "HTTP/1.1 200 OK"
2025-10-17 21:52:07,271 [INFO] [OK] Retrieved 5 depots from Strapi
2025-10-17 21:52:07,273 [INFO]    Processing zone 1/28...
2025-10-17 21:52:07,274 [INFO]    Processing zone 6/28...
2025-10-17 21:52:07,274 [INFO]    Processing zone 11/28...
2025-10-17 21:52:07,275 [INFO]    Processing zone 16/28...
2025-10-17 21:52:07,276 [INFO]    Processing zone 21/28...
2025-10-17 21:52:07,276 [INFO]    Processing zone 26/28...
2025-10-17 21:52:07,279 [INFO]    Processing zone 1/7...
2025-10-17 21:52:07,279 [INFO]    Processing zone 6/7...
2025-10-17 21:52:07,283 [INFO] Connecting to http://localhost:1337/route-reservoir...
2025-10-17 21:52:07,540 [INFO] Connected to Socket.IO server: http://localhost:1337/route-reservoir
2025-10-17 21:52:07,540 [INFO] Connection established
2025-10-17 21:52:07,540 [INFO] ================================================================================
2025-10-17 21:52:07,541 [INFO] [STATS] ROUTE RESERVOIR - INITIALIZATION COMPLETE
2025-10-17 21:52:07,541 [INFO] ================================================================================
2025-10-17 21:52:07,541 [INFO] [ROUTE] Active Routes: 1
2025-10-17 21:52:07,541 [INFO]    • 1A: route 1A (88 points)
2025-10-17 21:52:07,541 [INFO] [GRID] Grid Cell Size: 0.01° (~1km)
2025-10-17 21:52:07,541 [INFO] [GRID] Active Grid Cells: 5
2025-10-17 21:52:07,541 [INFO] [COMMUTER] Active Commuters: 0
2025-10-17 21:52:07,541 [INFO] ================================================================================
2025-10-17 21:52:07,541 [INFO] [CONFIG] Loaded spawn_interval from database: 30.0s (configure via Strapi: commuter_service.spawning.route_spawn_interval_seconds)
2025-10-17 21:52:07,541 [INFO] ExpirationManager started: check_interval=10.0s, timeout=1800.0s
2025-10-17 21:52:07,542 [INFO] Route reservoir service started successfully with automatic spawning
2025-10-17 21:52:07,542 [INFO] [SPAWNING_LOOP] Starting automatic passenger spawning loop (using GeoJSON population data)
2025-10-17 21:52:07,543 [INFO] [SPAWNING_LOOP] Cycle 1: Waiting 30.0s before next spawn...
2025-10-17 21:52:35,637 [INFO] [SPAWNING_LOOP] Cycle 1: Generating spawns now...
2025-10-17 21:52:43,337 [INFO] [SPAWN_GEN] Generated 31 spawn requests for hour 21
2025-10-17 21:52:43,337 [INFO] [SPAWNING_LOOP] Cycle 1: Generating spawns now...
2025-10-17 21:52:43,357 [INFO] [SPAWN_GEN] Generated 1 spawn requests for hour 21
2025-10-17 21:52:43,675 [INFO] [SPAWNING_LOOP] Cycle 1: Completed
2025-10-17 21:52:43,675 [INFO] [SPAWNING_LOOP] Cycle 2: Waiting 30.0s before next spawn...
2025-10-17 21:52:44,317 [INFO] [SPAWNING_LOOP] Cycle 1: Completed
2025-10-17 21:52:44,317 [INFO] [SPAWNING_LOOP] Cycle 2: Waiting 30.0s before next spawn...
2025-10-17 21:53:13,678 [INFO] [SPAWNING_LOOP] Cycle 2: Generating spawns now...
2025-10-17 21:53:13,699 [INFO] [SPAWN_GEN] Generated 2 spawn requests for hour 21
2025-10-17 21:53:14,037 [INFO] [SPAWNING_LOOP] Cycle 2: Completed
2025-10-17 21:53:14,037 [INFO] [SPAWNING_LOOP] Cycle 3: Waiting 30.0s before next spawn...
2025-10-17 21:53:14,327 [INFO] [SPAWNING_LOOP] Cycle 2: Generating spawns now...
2025-10-17 21:53:24,383 [INFO] [SPAWN_GEN] Generated 22 spawn requests for hour 21
2025-10-17 21:53:25,111 [INFO] [SPAWNING_LOOP] Cycle 2: Completed
2025-10-17 21:53:25,112 [INFO] [SPAWNING_LOOP] Cycle 3: Waiting 30.0s before next spawn...
2025-10-17 21:53:37,547 [INFO] Stopping depot reservoir service...
2025-10-17 21:53:37,548 [INFO] ExpirationManager stopped
2025-10-17 21:53:37,548 [INFO] [SPAWNING_LOOP] Loop cancelled
2025-10-17 21:53:37,548 [INFO] [SPAWNING_LOOP] Loop exited
2025-10-17 21:53:37,548 [INFO] SpawningCoordinator stopped: 53 spawned, 0 failed
2025-10-17 21:53:37,552 [INFO] Disconnected from Socket.IO server: http://localhost:1337/depot-reservoir
2025-10-17 21:53:37,555 [INFO] Disconnected successfully
2025-10-17 21:53:37,555 [INFO] Depot reservoir service stopped
2025-10-17 21:53:37,555 [INFO] Stopping route reservoir service...
2025-10-17 21:53:37,555 [INFO] ExpirationManager stopped
2025-10-17 21:53:37,555 [INFO] [SPAWNING_LOOP] Loop cancelled
2025-10-17 21:53:37,555 [INFO] [SPAWNING_LOOP] Loop exited
2025-10-17 21:53:37,555 [INFO] SpawningCoordinator stopped: 3 spawned, 0 failed
2025-10-17 21:53:37,557 [INFO] Disconnected from Socket.IO server: http://localhost:1337/route-reservoir
2025-10-17 21:53:37,558 [INFO] Disconnected successfully
2025-10-17 21:53:37,558 [INFO] Route reservoir service stopped
2025-10-17 21:53:37,558 [INFO] [ConfigService] Auto-refresh stopped
2025-10-17 21:53:37,618 [ERROR] Unclosed client session
client_session: <aiohttp.client.ClientSession object at 0x000001FF7FC9B9D0>
