[2025-10-17 21:57:17] === COMMUTER SERVICE PRODUCTION RUN ===
[2025-10-17 21:57:17] Initializing services...
[2025-10-17 21:57:17] Starting Depot Reservoir...
[2025-10-17 21:57:20] Depot Reservoir: ONLINE
[2025-10-17 21:57:20] Starting Route Reservoir...
[2025-10-17 21:57:22] Route Reservoir: ONLINE
[2025-10-17 21:57:22] Services ready. Waiting for first spawn cycle (30s)...
[2025-10-17 21:57:22] === MONITORING STARTED ===
[2025-10-17 21:58:13] [DEPOT] + 32 passengers | Total:   32
[2025-10-17 21:58:13] [ROUTE] +  3 passengers | Total:    3
[2025-10-17 21:58:39] [STATS] Depot: 32 | Route: 3 | Total: 35
[2025-10-17 21:58:53] [ROUTE] +  3 passengers | Total:    6
[2025-10-17 21:58:58] [DEPOT] + 23 passengers | Total:   55
[2025-10-17 21:59:13] [ROUTE] +  7 passengers | Total:   13
[2025-10-17 21:59:37] [DEPOT] + 18 passengers | Total:   73
[2025-10-17 21:59:42] [ROUTE] +  1 passengers | Total:   14
[2025-10-17 21:59:52] [STATS] Depot: 73 | Route: 14 | Total: 87
[2025-10-17 22:00:07] [DEPOT] +  4 passengers | Total:   77
[2025-10-17 22:00:37] [DEPOT] +  6 passengers | Total:   83
[2025-10-17 22:00:42] [ROUTE] +  2 passengers | Total:   16
[2025-10-17 22:00:52] [STATS] Depot: 83 | Route: 16 | Total: 99
[2025-10-17 22:01:07] [DEPOT] +  4 passengers | Total:   87
