2025-09-18 08:38:42,546 - INFO - Starting SSH tunnel to arknetglobal.com:22
2025-09-18 08:38:42,663 - INFO - Connected (version 2.0, client OpenSSH_9.7p1)
2025-09-18 08:38:43,593 - INFO - Authentication (password) successful!
2025-09-18 08:38:45,598 - INFO - SSH tunnel established on local port 6543
2025-09-18 08:38:57,826 - INFO - SSH tunnel closed
2025-09-18 08:46:48,033 - INFO - Starting SSH tunnel to arknetglobal.com:22
2025-09-18 08:46:48,187 - INFO - Connected (version 2.0, client OpenSSH_9.7p1)
2025-09-18 08:46:48,423 - INFO - Authentication (password) successful!
2025-09-18 08:46:50,425 - INFO - SSH tunnel established on local port 6543
2025-09-18 08:47:01,716 - INFO - SSH tunnel closed
2025-09-18 08:50:44,240 - INFO - Starting SSH tunnel to arknetglobal.com:22
2025-09-18 08:50:44,636 - INFO - Connected (version 2.0, client OpenSSH_9.7p1)
2025-09-18 08:50:44,970 - INFO - Authentication (password) successful!
2025-09-18 08:50:46,972 - INFO - SSH tunnel established on local port 6543
2025-09-18 08:50:48,174 - INFO - SSH tunnel closed
2025-09-18 09:07:56,720 - INFO - Starting SSH tunnel to arknetglobal.com:22
2025-09-18 09:07:56,801 - INFO - Connected (version 2.0, client OpenSSH_9.7p1)
2025-09-18 09:07:57,252 - INFO - Authentication (password) successful!
2025-09-18 09:07:59,266 - INFO - SSH tunnel established on local port 6543
2025-09-18 09:08:28,558 - INFO - SSH tunnel closed
2025-09-18 09:08:28,558 - INFO - Starting SSH tunnel to arknetglobal.com:22
2025-09-18 09:08:28,630 - INFO - Connected (version 2.0, client OpenSSH_9.7p1)
2025-09-18 09:08:28,898 - INFO - Authentication (password) successful!
2025-09-18 09:08:30,908 - INFO - SSH tunnel established on local port 6543
2025-09-18 09:08:33,840 - INFO - SSH tunnel closed
2025-09-18 09:09:50,756 - INFO - Starting SSH tunnel to arknetglobal.com:22
2025-09-18 09:09:50,937 - INFO - Connected (version 2.0, client OpenSSH_9.7p1)
2025-09-18 09:09:51,489 - INFO - Authentication (password) successful!
2025-09-18 09:09:53,495 - INFO - SSH tunnel established on local port 6543
2025-09-18 09:10:05,037 - INFO - SSH tunnel closed
2025-09-18 09:13:18,708 - INFO - Starting SSH tunnel to arknetglobal.com:22
2025-09-18 09:13:18,892 - INFO - Connected (version 2.0, client OpenSSH_9.7p1)
2025-09-18 09:13:19,510 - INFO - Authentication (password) successful!
2025-09-18 09:13:21,514 - INFO - SSH tunnel established on local port 6543
2025-09-18 09:13:22,591 - INFO - SSH tunnel closed
2025-09-18 09:14:26,130 - INFO - Starting SSH tunnel to arknetglobal.com:22
2025-09-18 09:14:26,542 - INFO - Connected (version 2.0, client OpenSSH_9.7p1)
2025-09-18 09:14:27,042 - INFO - Authentication (password) successful!
2025-09-18 09:14:29,052 - INFO - SSH tunnel established on local port 6543
2025-09-18 09:14:44,727 - INFO - SSH tunnel closed
2025-09-18 09:14:52,380 - INFO - Starting SSH tunnel to arknetglobal.com:22
2025-09-18 09:14:52,693 - INFO - Connected (version 2.0, client OpenSSH_9.7p1)
2025-09-18 09:14:52,961 - INFO - Authentication (password) successful!
2025-09-18 09:14:54,977 - INFO - SSH tunnel established on local port 6543
2025-09-18 09:15:04,576 - INFO - SSH tunnel closed
2025-09-18 09:17:11,178 - INFO - Starting SSH tunnel to arknetglobal.com:22
2025-09-18 09:17:11,345 - INFO - Connected (version 2.0, client OpenSSH_9.7p1)
2025-09-18 09:17:11,717 - INFO - Authentication (password) successful!
2025-09-18 09:17:13,727 - INFO - SSH tunnel established on local port 6543
2025-09-18 09:17:14,589 - INFO - SSH tunnel closed
2025-09-18 09:18:45,268 - INFO - Starting SSH tunnel to arknetglobal.com:22
2025-09-18 09:18:45,351 - INFO - Connected (version 2.0, client OpenSSH_9.7p1)
2025-09-18 09:18:45,646 - INFO - Authentication (password) successful!
2025-09-18 09:18:47,663 - INFO - SSH tunnel established on local port 6543
2025-09-18 09:19:12,298 - INFO - SSH tunnel closed
2025-09-18 09:19:12,298 - INFO - Starting SSH tunnel to arknetglobal.com:22
2025-09-18 09:19:12,384 - INFO - Connected (version 2.0, client OpenSSH_9.7p1)
2025-09-18 09:19:12,698 - INFO - Authentication (password) successful!
2025-09-18 09:19:14,703 - INFO - SSH tunnel established on local port 6543
2025-09-18 09:19:17,606 - INFO - SSH tunnel closed
2025-09-18 09:22:47,466 - INFO - Starting SSH tunnel to arknetglobal.com:22
2025-09-18 09:22:47,867 - INFO - Connected (version 2.0, client OpenSSH_9.7p1)
2025-09-18 09:22:48,433 - INFO - Authentication (password) successful!
2025-09-18 09:22:50,441 - INFO - SSH tunnel established on local port 6543
2025-09-18 09:22:51,167 - INFO - SSH tunnel closed
2025-09-18 09:22:59,533 - INFO - Starting SSH tunnel to arknetglobal.com:22
2025-09-18 09:22:59,836 - INFO - Connected (version 2.0, client OpenSSH_9.7p1)
2025-09-18 09:23:00,130 - INFO - Authentication (password) successful!
2025-09-18 09:23:02,132 - INFO - SSH tunnel established on local port 6543
2025-09-18 09:23:03,289 - INFO - SSH tunnel closed
2025-09-18 09:23:11,633 - INFO - Starting SSH tunnel to arknetglobal.com:22
2025-09-18 09:23:12,113 - INFO - Connected (version 2.0, client OpenSSH_9.7p1)
2025-09-18 09:23:12,615 - INFO - Authentication (password) successful!
2025-09-18 09:23:14,621 - INFO - SSH tunnel established on local port 6543
2025-09-18 09:23:15,375 - INFO - SSH tunnel closed
2025-09-18 09:23:23,846 - INFO - Starting SSH tunnel to arknetglobal.com:22
2025-09-18 09:23:24,232 - INFO - Connected (version 2.0, client OpenSSH_9.7p1)
2025-09-18 09:23:24,715 - INFO - Authentication (password) successful!
2025-09-18 09:23:26,724 - INFO - SSH tunnel established on local port 6543
2025-09-18 09:23:28,000 - INFO - SSH tunnel closed
2025-09-18 09:24:08,105 - INFO - Starting SSH tunnel to arknetglobal.com:22
2025-09-18 09:24:08,285 - INFO - Connected (version 2.0, client OpenSSH_9.7p1)
2025-09-18 09:24:08,852 - INFO - Authentication (password) successful!
2025-09-18 09:24:10,864 - INFO - SSH tunnel established on local port 6543
2025-09-18 09:24:16,103 - INFO - SSH tunnel closed
2025-09-18 09:24:31,951 - INFO - Starting SSH tunnel to arknetglobal.com:22
2025-09-18 09:24:32,035 - INFO - Connected (version 2.0, client OpenSSH_9.7p1)
2025-09-18 09:24:32,335 - INFO - Authentication (password) successful!
2025-09-18 09:24:34,349 - INFO - SSH tunnel established on local port 6543
2025-09-18 09:24:35,184 - INFO - SSH tunnel closed
2025-09-18 09:24:41,468 - INFO - Starting SSH tunnel to arknetglobal.com:22
2025-09-18 09:24:41,653 - INFO - Connected (version 2.0, client OpenSSH_9.7p1)
2025-09-18 09:24:42,235 - INFO - Authentication (password) successful!
2025-09-18 09:24:44,240 - INFO - SSH tunnel established on local port 6543
2025-09-18 09:24:44,919 - INFO - SSH tunnel closed
2025-09-18 09:24:51,187 - INFO - Starting SSH tunnel to arknetglobal.com:22
2025-09-18 09:24:51,285 - INFO - Connected (version 2.0, client OpenSSH_9.7p1)
2025-09-18 09:24:51,868 - INFO - Authentication (password) successful!
2025-09-18 09:24:53,878 - INFO - SSH tunnel established on local port 6543
2025-09-18 09:24:54,960 - INFO - SSH tunnel closed
2025-09-18 09:25:01,202 - INFO - Starting SSH tunnel to arknetglobal.com:22
2025-09-18 09:25:01,350 - INFO - Connected (version 2.0, client OpenSSH_9.7p1)
2025-09-18 09:25:01,619 - INFO - Authentication (password) successful!
2025-09-18 09:25:03,621 - INFO - SSH tunnel established on local port 6543
2025-09-18 09:25:04,484 - INFO - SSH tunnel closed
2025-09-18 09:45:54,524 - INFO - Starting SSH tunnel to arknetglobal.com:22
2025-09-18 09:45:54,844 - INFO - Connected (version 2.0, client OpenSSH_9.7p1)
2025-09-18 09:45:55,106 - INFO - Authentication (password) successful!
2025-09-18 09:45:57,107 - INFO - SSH tunnel established on local port 6543
2025-09-18 09:46:14,850 - INFO - SSH tunnel closed
2025-09-18 09:47:13,639 - INFO - Starting SSH tunnel to arknetglobal.com:22
2025-09-18 09:47:13,749 - INFO - Connected (version 2.0, client OpenSSH_9.7p1)
2025-09-18 09:47:14,815 - INFO - Authentication (password) successful!
2025-09-18 09:47:16,817 - INFO - SSH tunnel established on local port 6543
2025-09-18 09:47:21,679 - INFO - SSH tunnel closed
2025-09-18 09:47:33,385 - INFO - Starting SSH tunnel to arknetglobal.com:22
2025-09-18 09:47:33,462 - INFO - Connected (version 2.0, client OpenSSH_9.7p1)
2025-09-18 09:47:33,991 - INFO - Authentication (password) successful!
2025-09-18 09:47:35,992 - INFO - SSH tunnel established on local port 6543
2025-09-18 09:47:48,954 - INFO - SSH tunnel closed
2025-09-18 09:48:00,145 - INFO - Starting SSH tunnel to arknetglobal.com:22
2025-09-18 09:48:00,240 - INFO - Connected (version 2.0, client OpenSSH_9.7p1)
2025-09-18 09:48:00,763 - INFO - Authentication (password) successful!
2025-09-18 09:48:02,764 - INFO - SSH tunnel established on local port 6543
2025-09-18 09:48:20,025 - INFO - SSH tunnel closed
2025-09-18 09:49:07,444 - INFO - Starting SSH tunnel to arknetglobal.com:22
2025-09-18 09:49:07,553 - INFO - Connected (version 2.0, client OpenSSH_9.7p1)
2025-09-18 09:49:08,146 - INFO - Authentication (password) successful!
2025-09-18 09:49:10,148 - INFO - SSH tunnel established on local port 6543
2025-09-18 09:49:14,512 - INFO - SSH tunnel closed
2025-09-18 09:49:56,442 - INFO - Starting SSH tunnel to arknetglobal.com:22
2025-09-18 09:49:56,536 - INFO - Connected (version 2.0, client OpenSSH_9.7p1)
2025-09-18 09:49:57,041 - INFO - Authentication (password) successful!
2025-09-18 09:49:59,044 - INFO - SSH tunnel established on local port 6543
2025-09-18 09:50:00,593 - INFO - SSH tunnel closed
